<?xml version="1.0" encoding="UTF-8"?>
<!-- Generated by org.testng.reporters.JUnitXMLReporter -->
<testsuite hostname="DESKTOP-9PKPNVV" ignored="0" name="Default test" tests="4" failures="0" timestamp="2022-06-08T22:32:02 ICT" time="17.004" errors="0">
  <testcase name="configAPI" time="1.717" classname="qaautomation.may2022.APITestAfterRefactor"/>
  <testcase name="dashboardAPI" time="1.832" classname="qaautomation.may2022.APITestAfterRefactor"/>
  <testcase name="fakerTest" time="0.188" classname="qaautomation.may2022.APITestAfterRefactor"/>
  <testcase name="userAPI" time="1.666" classname="qaautomation.may2022.APITestAfterRefactor"/>
</testsuite> <!-- Default test -->
