<?xml version="1.0" encoding="UTF-8"?>
<!-- Generated by org.testng.reporters.JUnitXMLReporter -->
<testsuite ignored="0" hostname="Legion-5" failures="0" tests="5" name="Test" time="21.062" errors="0" timestamp="2022-05-22T13:53:14 WIB">
  <testcase classname="qaautomation.may2022.WebTestAfterRefactor" name="testLoginFailedWrongPassword" time="0.923"/>
  <testcase classname="qaautomation.may2022.WebTestAfterRefactor" name="testLogin" time="0.847"/>
  <testcase classname="qaautomation.may2022.WebTestAfterRefactor" name="testLoginFailedWrongUsernameandPassword" time="0.839"/>
  <testcase classname="qaautomation.may2022.AppTest" name="shouldAnswerWithTrue" time="0.002"/>
  <testcase classname="qaautomation.may2022.WebTestAfterRefactor" name="testLoginFailedWrongUsername" time="0.837"/>
</testsuite> <!-- Test -->
