<?xml version="1.0" encoding="UTF-8"?>
<!-- Generated by org.testng.reporters.JUnitXMLReporter -->
<testsuite hostname="DESKTOP-9PKPNVV" ignored="0" name="Test" tests="4" failures="0" timestamp="29 May 2022 08:27:26 GMT" time="15.84" errors="0">
  <testcase name="configAPI" time="1.572" classname="qaautomation.may2022.APITestAfterRefactor"/>
  <testcase name="dashboardAPI" time="1.75" classname="qaautomation.may2022.APITestAfterRefactor"/>
  <testcase name="fakerTest" time="0.192" classname="qaautomation.may2022.APITestAfterRefactor"/>
  <testcase name="userAPI" time="1.549" classname="qaautomation.may2022.APITestAfterRefactor"/>
</testsuite> <!-- Test -->
